<?xml version="1.0" encoding="UTF-8"?>
<testng-results skipped="0" failed="0" total="1" passed="1">
  <reporter-output>
  </reporter-output>
  <suite name="Default suite" duration-ms="68511" started-at="2019-04-17T10:47:24Z" finished-at="2019-04-17T10:48:33Z">
    <groups>
    </groups>
    <test name="Default test" duration-ms="68511" started-at="2019-04-17T10:47:24Z" finished-at="2019-04-17T10:48:33Z">
      <class name="tests.DigitalTronsTestCase">
        <test-method status="PASS" signature="runTests()[pri:0, instance:tests.DigitalTronsTestCase@6a03af]" name="runTests" duration-ms="68483" started-at="2019-04-17T16:17:24Z" finished-at="2019-04-17T16:18:33Z">
          <reporter-output>
          </reporter-output>
        </test-method> <!-- runTests -->
      </class> <!-- tests.DigitalTronsTestCase -->
    </test> <!-- Default test -->
  </suite> <!-- Default suite -->
</testng-results>
